# JRE version: OpenJDK Runtime Environment Temurin-17.0.10+7 (17.0.10+7) (build 17.0.10+7)
# Java VM: OpenJDK 64-Bit Server VM Temurin-17.0.10+7 (17.0.10+7, mixed mode, emulated-client, tiered, compressed oops, compressed class ptrs, g1 gc, windows-amd64)
GC Precious Log:
 CPUs: 4 total, 4 available
 Memory: 8075M
 Large Page Support: Disabled
 NUMA Support: Disabled
 Compressed Oops: Enabled (32-bit)
 Heap Region Size: 1M
 Heap Min Capacity: 8M
 Heap Initial Capacity: 128M
 Heap Max Capacity: 2020M
 Pre-touch: Disabled
 Parallel Workers: 4
 Concurrent Workers: 1
 Concurrent Refinement Workers: 4
 Periodic GC: Disabled
Heap:
 garbage-first heap   total 86016K, used 49936K [0x0000000081c00000, 0x0000000100000000)
  region size 1024K, 24 young (24576K), 4 survivors (4096K)
 Metaspace       used 83179K, committed 83840K, reserved 1179648K
  class space    used 11130K, committed 11456K, reserved 1048576K
GC Heap History (20 events):
Event: 4.992 GC heap before
{Heap before GC invocations=15 (full 0):
 garbage-first heap   total 65536K, used 51344K [0x0000000081c00000, 0x0000000100000000)
  region size 1024K, 33 young (33792K), 1 survivors (1024K)
 Metaspace       used 42281K, committed 42816K, reserved 1114112K
  class space    used 5230K, committed 5504K, reserved 1048576K
}
Event: 5.002 GC heap after
{Heap after GC invocations=16 (full 0):
 garbage-first heap   total 65536K, used 19637K [0x0000000081c00000, 0x0000000100000000)
  region size 1024K, 2 young (2048K), 2 survivors (2048K)
 Metaspace       used 42281K, committed 42816K, reserved 1114112K
  class space    used 5230K, committed 5504K, reserved 1048576K
}
Event: 5.561 GC heap before
{Heap before GC invocations=16 (full 0):
 garbage-first heap   total 65536K, used 51381K [0x0000000081c00000, 0x0000000100000000)
  region size 1024K, 33 young (33792K), 2 survivors (2048K)
 Metaspace       used 47145K, committed 47616K, reserved 1114112K
  class space    used 5856K, committed 6080K, reserved 1048576K
}
Event: 5.567 GC heap after
{Heap after GC invocations=17 (full 0):
 garbage-first heap   total 65536K, used 20871K [0x0000000081c00000, 0x0000000100000000)
  region size 1024K, 3 young (3072K), 3 survivors (3072K)
 Metaspace       used 47145K, committed 47616K, reserved 1114112K
  class space    used 5856K, committed 6080K, reserved 1048576K
}
Event: 5.944 GC heap before
{Heap before GC invocations=17 (full 0):
 garbage-first heap   total 65536K, used 52615K [0x0000000081c00000, 0x0000000100000000)
  region size 1024K, 34 young (34816K), 3 survivors (3072K)
 Metaspace       used 49920K, committed 50368K, reserved 1114112K
  class space    used 6288K, committed 6528K, reserved 1048576K
}
Event: 5.951 GC heap after
{Heap after GC invocations=18 (full 0):
 garbage-first heap   total 131072K, used 21490K [0x0000000081c00000, 0x0000000100000000)
  region size 1024K, 2 young (2048K), 2 survivors (2048K)
 Metaspace       used 49920K, committed 50368K, reserved 1114112K
  class space    used 6288K, committed 6528K, reserved 1048576K
}
Event: 6.708 GC heap before
{Heap before GC invocations=18 (full 0):
 garbage-first heap   total 131072K, used 97266K [0x0000000081c00000, 0x0000000100000000)
  region size 1024K, 76 young (77824K), 2 survivors (2048K)
 Metaspace       used 56852K, committed 57280K, reserved 1114112K
  class space    used 7278K, committed 7488K, reserved 1048576K
}
Event: 6.715 GC heap after
{Heap after GC invocations=19 (full 0):
 garbage-first heap   total 131072K, used 22825K [0x0000000081c00000, 0x0000000100000000)
  region size 1024K, 4 young (4096K), 4 survivors (4096K)
 Metaspace       used 56852K, committed 57280K, reserved 1114112K
  class space    used 7278K, committed 7488K, reserved 1048576K
}
Event: 6.950 GC heap before
{Heap before GC invocations=19 (full 0):
 garbage-first heap   total 131072K, used 47401K [0x0000000081c00000, 0x0000000100000000)
  region size 1024K, 30 young (30720K), 4 survivors (4096K)
 Metaspace       used 59921K, committed 60416K, reserved 1114112K
  class space    used 7755K, committed 8000K, reserved 1048576K
}
Event: 6.957 GC heap after
{Heap after GC invocations=20 (full 0):
 garbage-first heap   total 131072K, used 23296K [0x0000000081c00000, 0x0000000100000000)
  region size 1024K, 4 young (4096K), 4 survivors (4096K)
 Metaspace       used 59921K, committed 60416K, reserved 1114112K
  class space    used 7755K, committed 8000K, reserved 1048576K
}
Event: 7.574 GC heap before
{Heap before GC invocations=21 (full 0):
 garbage-first heap   total 86016K, used 77568K [0x0000000081c00000, 0x0000000100000000)
  region size 1024K, 58 young (59392K), 4 survivors (4096K)
 Metaspace       used 65116K, committed 65664K, reserved 1114112K
  class space    used 8670K, committed 8896K, reserved 1048576K
}
Event: 7.582 GC heap after
{Heap after GC invocations=22 (full 0):
 garbage-first heap   total 86016K, used 24194K [0x0000000081c00000, 0x0000000100000000)
  region size 1024K, 5 young (5120K), 5 survivors (5120K)
 Metaspace       used 65116K, committed 65664K, reserved 1114112K
  class space    used 8670K, committed 8896K, reserved 1048576K
}
Event: 8.118 GC heap before
{Heap before GC invocations=23 (full 0):
 garbage-first heap   total 86016K, used 70274K [0x0000000081c00000, 0x0000000100000000)
  region size 1024K, 50 young (51200K), 5 survivors (5120K)
 Metaspace       used 69350K, committed 69824K, reserved 1114112K
  class space    used 9252K, committed 9472K, reserved 1048576K
}
Event: 8.134 GC heap after
{Heap after GC invocations=24 (full 0):
 garbage-first heap   total 86016K, used 25708K [0x0000000081c00000, 0x0000000100000000)
  region size 1024K, 5 young (5120K), 5 survivors (5120K)
 Metaspace       used 69350K, committed 69824K, reserved 1114112K
  class space    used 9252K, committed 9472K, reserved 1048576K
}
Event: 56.223 GC heap before
{Heap before GC invocations=24 (full 0):
 garbage-first heap   total 86016K, used 70764K [0x0000000081c00000, 0x0000000100000000)
  region size 1024K, 49 young (50176K), 5 survivors (5120K)
 Metaspace       used 72212K, committed 72704K, reserved 1114112K
  class space    used 9682K, committed 9920K, reserved 1048576K
}
Event: 56.234 GC heap after
{Heap after GC invocations=25 (full 0):
 garbage-first heap   total 86016K, used 28418K [0x0000000081c00000, 0x0000000100000000)
  region size 1024K, 6 young (6144K), 6 survivors (6144K)
 Metaspace       used 72212K, committed 72704K, reserved 1114112K
  class space    used 9682K, committed 9920K, reserved 1048576K
}
Event: 106.822 GC heap before
{Heap before GC invocations=25 (full 0):
 garbage-first heap   total 86016K, used 69378K [0x0000000081c00000, 0x0000000100000000)
  region size 1024K, 46 young (47104K), 6 survivors (6144K)
 Metaspace       used 77543K, committed 78144K, reserved 1179648K
  class space    used 10344K, committed 10624K, reserved 1048576K
}
Event: 106.833 GC heap after
{Heap after GC invocations=26 (full 0):
 garbage-first heap   total 86016K, used 30633K [0x0000000081c00000, 0x0000000100000000)
  region size 1024K, 5 young (5120K), 5 survivors (5120K)
 Metaspace       used 77543K, committed 78144K, reserved 1179648K
  class space    used 10344K, committed 10624K, reserved 1048576K
}
Event: 156.143 GC heap before
{Heap before GC invocations=26 (full 0):
 garbage-first heap   total 86016K, used 69545K [0x0000000081c00000, 0x0000000100000000)
  region size 1024K, 44 young (45056K), 5 survivors (5120K)
 Metaspace       used 81361K, committed 81984K, reserved 1179648K
  class space    used 10833K, committed 11136K, reserved 1048576K
}
Event: 156.153 GC heap after
{Heap after GC invocations=27 (full 0):
 garbage-first heap   total 86016K, used 31504K [0x0000000081c00000, 0x0000000100000000)
  region size 1024K, 4 young (4096K), 4 survivors (4096K)
 Metaspace       used 81361K, committed 81984K, reserved 1179648K
  class space    used 10833K, committed 11136K, reserved 1048576K
}

